<?xml version="1.0" encoding="UTF-8"?>
<!-- Generated by org.testng.reporters.JUnitReportReporter -->
<testsuite skipped="0" hostname="DESKTOP-SQGG2PG" name="testCases.UpdateAProduct" tests="1" failures="0" timestamp="17 Jan 2022 02:15:02 GMT" time="1.903" errors="0">
  <testcase name="updateAProduct" time="1.903" classname="testCases.UpdateAProduct"/>
</testsuite> <!-- testCases.UpdateAProduct -->
