<?xml version="1.0" encoding="UTF-8"?>
<!-- Generated by org.testng.reporters.JUnitReportReporter -->
<testsuite skipped="0" hostname="DESKTOP-SQGG2PG" name="testCases.ReadAProduct" tests="1" failures="0" timestamp="15 Jan 2022 19:38:53 GMT" time="1.936" errors="0">
  <testcase name="readAProduct" time="1.936" classname="testCases.ReadAProduct"/>
</testsuite> <!-- testCases.ReadAProduct -->
