<?xml version="1.0" encoding="UTF-8"?>
<!-- Generated by org.testng.reporters.JUnitReportReporter -->
<testsuite skipped="0" hostname="DESKTOP-SQGG2PG" name="testCases.ReadAllProducts" tests="1" failures="0" timestamp="17 Jan 2022 02:01:49 GMT" time="1.767" errors="0">
  <testcase name="readAllProducts" time="1.767" classname="testCases.ReadAllProducts"/>
</testsuite> <!-- testCases.ReadAllProducts -->
