<?xml version="1.0" encoding="UTF-8"?>
<!-- Generated by org.testng.reporters.JUnitReportReporter -->
<testsuite skipped="0" hostname="DESKTOP-SQGG2PG" name="testCases.DeleteAProduct" tests="1" failures="0" timestamp="17 Jan 2022 02:22:44 GMT" time="1.726" errors="0">
  <testcase name="deleteAProduct" time="1.726" classname="testCases.DeleteAProduct"/>
</testsuite> <!-- testCases.DeleteAProduct -->
